time="2022-09-09T17:02:40+03:00" level=error msg="invalid character 'b' looking for beginning of value" func="github.com/popeskul/qna-go/internal/transport/rest/v1.newErrorResponse()" file="response.go:20" method=POST url=/api/v1/tests
time="2022-09-09T17:02:40+03:00" level=error msg="authorization header is invalid" func="github.com/popeskul/qna-go/internal/transport/rest/v1.newErrorResponse()" file="response.go:20" method=GET url=/api/v1/tests/896
time="2022-09-09T17:02:40+03:00" level=error msg="test not found" func="github.com/popeskul/qna-go/internal/transport/rest/v1.newErrorResponse()" file="response.go:20" method=GET url=/api/v1/tests/0
time="2022-09-09T17:02:40+03:00" level=error msg="Key: 'GetAllTestsRequest.PageID' Error:Field validation for 'PageID' failed on the 'required' tag\nKey: 'GetAllTestsRequest.PageSize' Error:Field validation for 'PageSize' failed on the 'min' tag" func="github.com/popeskul/qna-go/internal/transport/rest/v1.newErrorResponse()" file="response.go:20" method=GET url="/api/v1/tests?page_id=0&page_size=-10"
time="2022-09-09T17:02:40+03:00" level=error msg="invalid character 'b' looking for beginning of value" func="github.com/popeskul/qna-go/internal/transport/rest/v1.newErrorResponse()" file="response.go:20" method=PUT url=/api/v1/tests/0
time="2022-09-09T17:02:40+03:00" level=error msg="authorization header is invalid" func="github.com/popeskul/qna-go/internal/transport/rest/v1.newErrorResponse()" file="response.go:20" method=PUT url=/api/v1/tests/952
time="2022-09-09T17:02:40+03:00" level=error msg="error test" func="github.com/popeskul/qna-go/internal/transport/rest/v1.newErrorResponse()" file="response.go:20" method=DELETE url=/api/v1/tests/2134234234
time="2022-09-09T17:02:40+03:00" level=error msg="authorization header is invalid" func="github.com/popeskul/qna-go/internal/transport/rest/v1.newErrorResponse()" file="response.go:20" method=DELETE url=/api/v1/tests/0
time="2022-09-09T17:02:41+03:00" level=error msg="pq: duplicate key value violates unique constraint \"users_email_key\"" func="github.com/popeskul/qna-go/internal/transport/rest/v1.newErrorResponse()" file="response.go:20" method=POST url=/api/v1/auth/sign-up
time="2022-09-09T17:02:41+03:00" level=error msg="invalid character 'b' looking for beginning of value" func="github.com/popeskul/qna-go/internal/transport/rest/v1.newErrorResponse()" file="response.go:20" method=POST url=/api/v1/auth/sign-up
time="2022-09-09T17:02:41+03:00" level=error msg="invalid character 'b' looking for beginning of value" func="github.com/popeskul/qna-go/internal/transport/rest/v1.newErrorResponse()" file="response.go:20" method=POST url=/api/v1/auth/sign-in
time="2022-09-09T17:02:41+03:00" level=error msg="sql: no rows in result set" func="github.com/popeskul/qna-go/internal/transport/rest/v1.newErrorResponse()" file="response.go:20" method=POST url=/api/v1/auth/sign-in
time="2022-09-09T17:12:15+03:00" level=error msg="invalid character 'b' looking for beginning of value" func="github.com/popeskul/qna-go/internal/transport/rest/v1.newErrorResponse()" file="response.go:20" method=POST url=/api/v1/tests
time="2022-09-09T17:12:15+03:00" level=error msg="authorization header is invalid" func="github.com/popeskul/qna-go/internal/transport/rest/v1.newErrorResponse()" file="response.go:20" method=GET url=/api/v1/tests/978
time="2022-09-09T17:12:15+03:00" level=error msg="test not found" func="github.com/popeskul/qna-go/internal/transport/rest/v1.newErrorResponse()" file="response.go:20" method=GET url=/api/v1/tests/0
time="2022-09-09T17:12:15+03:00" level=error msg="Key: 'GetAllTestsRequest.PageID' Error:Field validation for 'PageID' failed on the 'required' tag\nKey: 'GetAllTestsRequest.PageSize' Error:Field validation for 'PageSize' failed on the 'min' tag" func="github.com/popeskul/qna-go/internal/transport/rest/v1.newErrorResponse()" file="response.go:20" method=GET url="/api/v1/tests?page_id=0&page_size=-10"
time="2022-09-09T17:12:15+03:00" level=error msg="invalid character 'b' looking for beginning of value" func="github.com/popeskul/qna-go/internal/transport/rest/v1.newErrorResponse()" file="response.go:20" method=PUT url=/api/v1/tests/0
time="2022-09-09T17:12:15+03:00" level=error msg="authorization header is invalid" func="github.com/popeskul/qna-go/internal/transport/rest/v1.newErrorResponse()" file="response.go:20" method=PUT url=/api/v1/tests/1034
time="2022-09-09T17:12:15+03:00" level=error msg="error test" func="github.com/popeskul/qna-go/internal/transport/rest/v1.newErrorResponse()" file="response.go:20" method=DELETE url=/api/v1/tests/2134234234
time="2022-09-09T17:12:15+03:00" level=error msg="authorization header is invalid" func="github.com/popeskul/qna-go/internal/transport/rest/v1.newErrorResponse()" file="response.go:20" method=DELETE url=/api/v1/tests/0
time="2022-09-09T17:12:15+03:00" level=error msg="pq: duplicate key value violates unique constraint \"users_email_key\"" func="github.com/popeskul/qna-go/internal/transport/rest/v1.newErrorResponse()" file="response.go:20" method=POST url=/api/v1/auth/sign-up
time="2022-09-09T17:12:15+03:00" level=error msg="invalid character 'b' looking for beginning of value" func="github.com/popeskul/qna-go/internal/transport/rest/v1.newErrorResponse()" file="response.go:20" method=POST url=/api/v1/auth/sign-up
time="2022-09-09T17:12:15+03:00" level=error msg="invalid character 'b' looking for beginning of value" func="github.com/popeskul/qna-go/internal/transport/rest/v1.newErrorResponse()" file="response.go:20" method=POST url=/api/v1/auth/sign-in
time="2022-09-09T17:12:15+03:00" level=error msg="sql: no rows in result set" func="github.com/popeskul/qna-go/internal/transport/rest/v1.newErrorResponse()" file="response.go:20" method=POST url=/api/v1/auth/sign-in
time="2022-09-09T18:01:09+03:00" level=error msg="invalid character 'b' looking for beginning of value" func="github.com/popeskul/qna-go/internal/transport/rest/v1.newErrorResponse()" file="response.go:24" method=POST url=/api/v1/tests
time="2022-09-09T18:01:09+03:00" level=error msg="authorization header is invalid" func="github.com/popeskul/qna-go/internal/transport/rest/v1.newErrorResponse()" file="response.go:24" method=GET url=/api/v1/tests/1202
time="2022-09-09T18:01:09+03:00" level=error msg="test not found" func="github.com/popeskul/qna-go/internal/transport/rest/v1.newErrorResponse()" file="response.go:24" method=GET url=/api/v1/tests/0
time="2022-09-09T18:01:09+03:00" level=error msg="Key: 'GetAllTestsRequest.PageID' Error:Field validation for 'PageID' failed on the 'required' tag\nKey: 'GetAllTestsRequest.PageSize' Error:Field validation for 'PageSize' failed on the 'min' tag" func="github.com/popeskul/qna-go/internal/transport/rest/v1.newErrorResponse()" file="response.go:24" method=GET url="/api/v1/tests?page_id=0&page_size=-10"
time="2022-09-09T18:01:09+03:00" level=error msg="invalid character 'b' looking for beginning of value" func="github.com/popeskul/qna-go/internal/transport/rest/v1.newErrorResponse()" file="response.go:24" method=PUT url=/api/v1/tests/0
time="2022-09-09T18:01:09+03:00" level=error msg="authorization header is invalid" func="github.com/popeskul/qna-go/internal/transport/rest/v1.newErrorResponse()" file="response.go:24" method=PUT url=/api/v1/tests/1258
time="2022-09-09T18:01:10+03:00" level=error msg="error test" func="github.com/popeskul/qna-go/internal/transport/rest/v1.newErrorResponse()" file="response.go:24" method=DELETE url=/api/v1/tests/2134234234
time="2022-09-09T18:01:10+03:00" level=error msg="authorization header is invalid" func="github.com/popeskul/qna-go/internal/transport/rest/v1.newErrorResponse()" file="response.go:24" method=DELETE url=/api/v1/tests/0
time="2022-09-09T18:01:10+03:00" level=error msg="pq: duplicate key value violates unique constraint \"users_email_key\"" func="github.com/popeskul/qna-go/internal/transport/rest/v1.newErrorResponse()" file="response.go:24" method=POST url=/api/v1/auth/sign-up
time="2022-09-09T18:01:10+03:00" level=error msg="invalid character 'b' looking for beginning of value" func="github.com/popeskul/qna-go/internal/transport/rest/v1.newErrorResponse()" file="response.go:24" method=POST url=/api/v1/auth/sign-up
time="2022-09-09T18:01:10+03:00" level=error msg="invalid character 'b' looking for beginning of value" func="github.com/popeskul/qna-go/internal/transport/rest/v1.newErrorResponse()" file="response.go:24" method=POST url=/api/v1/auth/sign-in
time="2022-09-09T18:01:10+03:00" level=error msg="wrong user or password" func="github.com/popeskul/qna-go/internal/transport/rest/v1.newErrorResponse()" file="response.go:24" method=POST url=/api/v1/auth/sign-in
time="2022-09-09T18:01:28+03:00" level=error msg="invalid character 'b' looking for beginning of value" func="github.com/popeskul/qna-go/internal/transport/rest/v1.newErrorResponse()" file="response.go:24" method=POST url=/api/v1/tests
time="2022-09-09T18:01:28+03:00" level=error msg="authorization header is invalid" func="github.com/popeskul/qna-go/internal/transport/rest/v1.newErrorResponse()" file="response.go:24" method=GET url=/api/v1/tests/1284
time="2022-09-09T18:01:28+03:00" level=error msg="test not found" func="github.com/popeskul/qna-go/internal/transport/rest/v1.newErrorResponse()" file="response.go:24" method=GET url=/api/v1/tests/0
time="2022-09-09T18:01:28+03:00" level=error msg="Key: 'GetAllTestsRequest.PageID' Error:Field validation for 'PageID' failed on the 'required' tag\nKey: 'GetAllTestsRequest.PageSize' Error:Field validation for 'PageSize' failed on the 'min' tag" func="github.com/popeskul/qna-go/internal/transport/rest/v1.newErrorResponse()" file="response.go:24" method=GET url="/api/v1/tests?page_id=0&page_size=-10"
time="2022-09-09T18:01:28+03:00" level=error msg="invalid character 'b' looking for beginning of value" func="github.com/popeskul/qna-go/internal/transport/rest/v1.newErrorResponse()" file="response.go:24" method=PUT url=/api/v1/tests/0
time="2022-09-09T18:01:28+03:00" level=error msg="authorization header is invalid" func="github.com/popeskul/qna-go/internal/transport/rest/v1.newErrorResponse()" file="response.go:24" method=PUT url=/api/v1/tests/1340
time="2022-09-09T18:01:28+03:00" level=error msg="error test" func="github.com/popeskul/qna-go/internal/transport/rest/v1.newErrorResponse()" file="response.go:24" method=DELETE url=/api/v1/tests/2134234234
time="2022-09-09T18:01:28+03:00" level=error msg="authorization header is invalid" func="github.com/popeskul/qna-go/internal/transport/rest/v1.newErrorResponse()" file="response.go:24" method=DELETE url=/api/v1/tests/0
time="2022-09-09T18:01:29+03:00" level=error msg="pq: duplicate key value violates unique constraint \"users_email_key\"" func="github.com/popeskul/qna-go/internal/transport/rest/v1.newErrorResponse()" file="response.go:24" method=POST url=/api/v1/auth/sign-up
time="2022-09-09T18:01:29+03:00" level=error msg="invalid character 'b' looking for beginning of value" func="github.com/popeskul/qna-go/internal/transport/rest/v1.newErrorResponse()" file="response.go:24" method=POST url=/api/v1/auth/sign-up
time="2022-09-09T18:01:29+03:00" level=error msg="invalid character 'b' looking for beginning of value" func="github.com/popeskul/qna-go/internal/transport/rest/v1.newErrorResponse()" file="response.go:24" method=POST url=/api/v1/auth/sign-in
time="2022-09-09T18:01:29+03:00" level=error msg="wrong user or password" func="github.com/popeskul/qna-go/internal/transport/rest/v1.newErrorResponse()" file="response.go:24" method=POST url=/api/v1/auth/sign-in
